In file included from test_set/1a.cpp:1:
In file included from /usr/include/c++/8/iostream:39:
In file included from /usr/include/c++/8/ostream:38:
In file included from /usr/include/c++/8/ios:38:
In file included from /usr/include/c++/8/iosfwd:39:
In file included from /usr/include/c++/8/bits/stringfwd.h:40:
/usr/include/c++/8/bits/memoryfwd.h:50:1: error: unknown type name 'namespace'
namespace std _GLIBCXX_VISIBILITY(default)
^
/usr/include/c++/8/bits/memoryfwd.h:50:43: error: expected ';' after top level declarator
namespace std _GLIBCXX_VISIBILITY(default)
                                          ^
In file included from test_set/1a.cpp:1:
In file included from /usr/include/c++/8/iostream:39:
In file included from /usr/include/c++/8/ostream:38:
In file included from /usr/include/c++/8/ios:38:
In file included from /usr/include/c++/8/iosfwd:40:
In file included from /usr/include/c++/8/bits/postypes.h:40:
/usr/include/c++/8/cwchar:62:1: error: unknown type name 'namespace'
namespace std
^
/usr/include/c++/8/cwchar:62:14: error: expected ';' after top level declarator
namespace std
             ^
In file included from test_set/1a.cpp:1:
In file included from /usr/include/c++/8/iostream:39:
In file included from /usr/include/c++/8/ostream:38:
In file included from /usr/include/c++/8/ios:41:
In file included from /usr/include/c++/8/bits/localefwd.h:40:
In file included from /usr/include/x86_64-linux-gnu/c++/8/bits/c++locale.h:41:
/usr/include/c++/8/clocale:51:1: error: unknown type name 'namespace'
namespace std
^
/usr/include/c++/8/clocale:51:14: error: expected ';' after top level declarator
namespace std
             ^
In file included from test_set/1a.cpp:1:
In file included from /usr/include/c++/8/iostream:39:
In file included from /usr/include/c++/8/ostream:38:
In file included from /usr/include/c++/8/ios:41:
In file included from /usr/include/c++/8/bits/localefwd.h:42:
/usr/include/c++/8/cctype:62:1: error: unknown type name 'namespace'
namespace std
^
/usr/include/c++/8/cctype:62:14: error: expected ';' after top level declarator
namespace std
             ^
In file included from test_set/1a.cpp:1:
In file included from /usr/include/c++/8/iostream:39:
In file included from /usr/include/c++/8/ostream:38:
In file included from /usr/include/c++/8/ios:42:
In file included from /usr/include/c++/8/bits/ios_base.h:39:
In file included from /usr/include/c++/8/ext/atomicity.h:35:
In file included from /usr/include/x86_64-linux-gnu/c++/8/bits/gthr.h:148:
In file included from /usr/include/x86_64-linux-gnu/c++/8/bits/gthr-default.h:35:
In file included from /usr/include/pthread.h:24:
/usr/include/time.h:75:8: error: unknown type name 'time_t'; did you mean 'timer_t'?
extern time_t time (time_t *__timer) __THROW;
       ^
/usr/include/x86_64-linux-gnu/bits/types/timer_t.h:7:19: note: 'timer_t' declared here
typedef __timer_t timer_t;
                  ^
In file included from test_set/1a.cpp:1:
In file included from /usr/include/c++/8/iostream:39:
In file included from /usr/include/c++/8/ostream:38:
In file included from /usr/include/c++/8/ios:42:
In file included from /usr/include/c++/8/bits/ios_base.h:39:
In file included from /usr/include/c++/8/ext/atomicity.h:35:
In file included from /usr/include/x86_64-linux-gnu/c++/8/bits/gthr.h:148:
In file included from /usr/include/x86_64-linux-gnu/c++/8/bits/gthr-default.h:35:
In file included from /usr/include/pthread.h:24:
/usr/include/time.h:75:21: error: unknown type name 'time_t'; did you mean 'timer_t'?
extern time_t time (time_t *__timer) __THROW;
                    ^
/usr/include/x86_64-linux-gnu/bits/types/timer_t.h:7:19: note: 'timer_t' declared here
typedef __timer_t timer_t;
                  ^
In file included from test_set/1a.cpp:1:
In file included from /usr/include/c++/8/iostream:39:
In file included from /usr/include/c++/8/ostream:38:
In file included from /usr/include/c++/8/ios:42:
In file included from /usr/include/c++/8/bits/ios_base.h:39:
In file included from /usr/include/c++/8/ext/atomicity.h:35:
In file included from /usr/include/x86_64-linux-gnu/c++/8/bits/gthr.h:148:
In file included from /usr/include/x86_64-linux-gnu/c++/8/bits/gthr-default.h:35:
In file included from /usr/include/pthread.h:24:
/usr/include/time.h:78:25: error: unknown type name 'time_t'; did you mean 'timer_t'?
extern double difftime (time_t __time1, time_t __time0)
                        ^
/usr/include/x86_64-linux-gnu/bits/types/timer_t.h:7:19: note: 'timer_t' declared here
typedef __timer_t timer_t;
                  ^
In file included from test_set/1a.cpp:1:
In file included from /usr/include/c++/8/iostream:39:
In file included from /usr/include/c++/8/ostream:38:
In file included from /usr/include/c++/8/ios:42:
In file included from /usr/include/c++/8/bits/ios_base.h:39:
In file included from /usr/include/c++/8/ext/atomicity.h:35:
In file included from /usr/include/x86_64-linux-gnu/c++/8/bits/gthr.h:148:
In file included from /usr/include/x86_64-linux-gnu/c++/8/bits/gthr-default.h:35:
In file included from /usr/include/pthread.h:24:
/usr/include/time.h:78:41: error: unknown type name 'time_t'; did you mean 'timer_t'?
extern double difftime (time_t __time1, time_t __time0)
                                        ^
/usr/include/x86_64-linux-gnu/bits/types/timer_t.h:7:19: note: 'timer_t' declared here
typedef __timer_t timer_t;
                  ^
In file included from test_set/1a.cpp:1:
In file included from /usr/include/c++/8/iostream:39:
In file included from /usr/include/c++/8/ostream:38:
In file included from /usr/include/c++/8/ios:42:
In file included from /usr/include/c++/8/bits/ios_base.h:39:
In file included from /usr/include/c++/8/ext/atomicity.h:35:
In file included from /usr/include/x86_64-linux-gnu/c++/8/bits/gthr.h:148:
In file included from /usr/include/x86_64-linux-gnu/c++/8/bits/gthr-default.h:35:
In file included from /usr/include/pthread.h:24:
/usr/include/time.h:82:8: error: unknown type name 'time_t'; did you mean 'timer_t'?
extern time_t mktime (struct tm *__tp) __THROW;
       ^
/usr/include/x86_64-linux-gnu/bits/types/timer_t.h:7:19: note: 'timer_t' declared here
typedef __timer_t timer_t;
                  ^
In file included from test_set/1a.cpp:1:
In file included from /usr/include/c++/8/iostream:39:
In file included from /usr/include/c++/8/ostream:38:
In file included from /usr/include/c++/8/ios:42:
In file included from /usr/include/c++/8/bits/ios_base.h:39:
In file included from /usr/include/c++/8/ext/atomicity.h:35:
In file included from /usr/include/x86_64-linux-gnu/c++/8/bits/gthr.h:148:
In file included from /usr/include/x86_64-linux-gnu/c++/8/bits/gthr-default.h:35:
In file included from /usr/include/pthread.h:24:
/usr/include/time.h:119:33: error: unknown type name 'time_t'; did you mean 'timer_t'?
extern struct tm *gmtime (const time_t *__timer) __THROW;
                                ^
/usr/include/x86_64-linux-gnu/bits/types/timer_t.h:7:19: note: 'timer_t' declared here
typedef __timer_t timer_t;
                  ^
In file included from test_set/1a.cpp:1:
In file included from /usr/include/c++/8/iostream:39:
In file included from /usr/include/c++/8/ostream:38:
In file included from /usr/include/c++/8/ios:42:
In file included from /usr/include/c++/8/bits/ios_base.h:39:
In file included from /usr/include/c++/8/ext/atomicity.h:35:
In file included from /usr/include/x86_64-linux-gnu/c++/8/bits/gthr.h:148:
In file included from /usr/include/x86_64-linux-gnu/c++/8/bits/gthr-default.h:35:
In file included from /usr/include/pthread.h:24:
/usr/include/time.h:123:36: error: unknown type name 'time_t'; did you mean 'timer_t'?
extern struct tm *localtime (const time_t *__timer) __THROW;
                                   ^
/usr/include/x86_64-linux-gnu/bits/types/timer_t.h:7:19: note: 'timer_t' declared here
typedef __timer_t timer_t;
                  ^
In file included from test_set/1a.cpp:1:
In file included from /usr/include/c++/8/iostream:39:
In file included from /usr/include/c++/8/ostream:38:
In file included from /usr/include/c++/8/ios:42:
In file included from /usr/include/c++/8/bits/ios_base.h:39:
In file included from /usr/include/c++/8/ext/atomicity.h:35:
In file included from /usr/include/x86_64-linux-gnu/c++/8/bits/gthr.h:148:
In file included from /usr/include/x86_64-linux-gnu/c++/8/bits/gthr-default.h:35:
In file included from /usr/include/pthread.h:24:
/usr/include/time.h:128:35: error: unknown type name 'time_t'; did you mean 'timer_t'?
extern struct tm *gmtime_r (const time_t *__restrict __timer,
                                  ^
/usr/include/x86_64-linux-gnu/bits/types/timer_t.h:7:19: note: 'timer_t' declared here
typedef __timer_t timer_t;
                  ^
In file included from test_set/1a.cpp:1:
In file included from /usr/include/c++/8/iostream:39:
In file included from /usr/include/c++/8/ostream:38:
In file included from /usr/include/c++/8/ios:42:
In file included from /usr/include/c++/8/bits/ios_base.h:39:
In file included from /usr/include/c++/8/ext/atomicity.h:35:
In file included from /usr/include/x86_64-linux-gnu/c++/8/bits/gthr.h:148:
In file included from /usr/include/x86_64-linux-gnu/c++/8/bits/gthr-default.h:35:
In file included from /usr/include/pthread.h:24:
/usr/include/time.h:133:38: error: unknown type name 'time_t'; did you mean 'timer_t'?
extern struct tm *localtime_r (const time_t *__restrict __timer,
                                     ^
/usr/include/x86_64-linux-gnu/bits/types/timer_t.h:7:19: note: 'timer_t' declared here
typedef __timer_t timer_t;
                  ^
In file included from test_set/1a.cpp:1:
In file included from /usr/include/c++/8/iostream:39:
In file included from /usr/include/c++/8/ostream:38:
In file included from /usr/include/c++/8/ios:42:
In file included from /usr/include/c++/8/bits/ios_base.h:39:
In file included from /usr/include/c++/8/ext/atomicity.h:35:
In file included from /usr/include/x86_64-linux-gnu/c++/8/bits/gthr.h:148:
In file included from /usr/include/x86_64-linux-gnu/c++/8/bits/gthr-default.h:35:
In file included from /usr/include/pthread.h:24:
/usr/include/time.h:142:27: error: unknown type name 'time_t'; did you mean 'timer_t'?
extern char *ctime (const time_t *__timer) __THROW;
                          ^
/usr/include/x86_64-linux-gnu/bits/types/timer_t.h:7:19: note: 'timer_t' declared here
typedef __timer_t timer_t;
                  ^
In file included from test_set/1a.cpp:1:
In file included from /usr/include/c++/8/iostream:39:
In file included from /usr/include/c++/8/ostream:38:
In file included from /usr/include/c++/8/ios:42:
In file included from /usr/include/c++/8/bits/ios_base.h:39:
In file included from /usr/include/c++/8/ext/atomicity.h:35:
In file included from /usr/include/x86_64-linux-gnu/c++/8/bits/gthr.h:148:
In file included from /usr/include/x86_64-linux-gnu/c++/8/bits/gthr-default.h:35:
In file included from /usr/include/pthread.h:24:
/usr/include/time.h:153:29: error: unknown type name 'time_t'; did you mean 'timer_t'?
extern char *ctime_r (const time_t *__restrict __timer,
                            ^
/usr/include/x86_64-linux-gnu/bits/types/timer_t.h:7:19: note: 'timer_t' declared here
typedef __timer_t timer_t;
                  ^
In file included from test_set/1a.cpp:1:
In file included from /usr/include/c++/8/iostream:39:
In file included from /usr/include/c++/8/ostream:38:
In file included from /usr/include/c++/8/ios:42:
In file included from /usr/include/c++/8/bits/ios_base.h:39:
In file included from /usr/include/c++/8/ext/atomicity.h:35:
In file included from /usr/include/x86_64-linux-gnu/c++/8/bits/gthr.h:148:
In file included from /usr/include/x86_64-linux-gnu/c++/8/bits/gthr-default.h:35:
In file included from /usr/include/pthread.h:24:
/usr/include/time.h:181:25: error: unknown type name 'time_t'; did you mean 'timer_t'?
extern int stime (const time_t *__when) __THROW;
                        ^
/usr/include/x86_64-linux-gnu/bits/types/timer_t.h:7:19: note: 'timer_t' declared here
typedef __timer_t timer_t;
                  ^
In file included from test_set/1a.cpp:1:
In file included from /usr/include/c++/8/iostream:39:
In file included from /usr/include/c++/8/ostream:38:
In file included from /usr/include/c++/8/ios:42:
In file included from /usr/include/c++/8/bits/ios_base.h:39:
In file included from /usr/include/c++/8/ext/atomicity.h:35:
In file included from /usr/include/x86_64-linux-gnu/c++/8/bits/gthr.h:148:
In file included from /usr/include/x86_64-linux-gnu/c++/8/bits/gthr-default.h:35:
In file included from /usr/include/pthread.h:24:
/usr/include/time.h:196:8: error: unknown type name 'time_t'; did you mean 'timer_t'?
extern time_t timegm (struct tm *__tp) __THROW;
       ^
/usr/include/x86_64-linux-gnu/bits/types/timer_t.h:7:19: note: 'timer_t' declared here
typedef __timer_t timer_t;
                  ^
In file included from test_set/1a.cpp:1:
In file included from /usr/include/c++/8/iostream:39:
In file included from /usr/include/c++/8/ostream:38:
In file included from /usr/include/c++/8/ios:42:
In file included from /usr/include/c++/8/bits/ios_base.h:39:
In file included from /usr/include/c++/8/ext/atomicity.h:35:
In file included from /usr/include/x86_64-linux-gnu/c++/8/bits/gthr.h:148:
In file included from /usr/include/x86_64-linux-gnu/c++/8/bits/gthr-default.h:35:
In file included from /usr/include/pthread.h:24:
/usr/include/time.h:199:8: error: unknown type name 'time_t'; did you mean 'timer_t'?
extern time_t timelocal (struct tm *__tp) __THROW;
       ^
/usr/include/x86_64-linux-gnu/bits/types/timer_t.h:7:19: note: 'timer_t' declared here
typedef __timer_t timer_t;
                  ^
In file included from test_set/1a.cpp:1:
In file included from /usr/include/c++/8/iostream:39:
In file included from /usr/include/c++/8/ostream:38:
In file included from /usr/include/c++/8/ios:42:
In file included from /usr/include/c++/8/bits/ios_base.h:39:
In file included from /usr/include/c++/8/ext/atomicity.h:35:
/usr/include/x86_64-linux-gnu/c++/8/bits/gthr.h:151:13: error: #pragma visibility pop with no matching #pragma visibility push
#pragma GCC visibility pop
            ^
In file included from test_set/1a.cpp:1:
In file included from /usr/include/c++/8/iostream:39:
In file included from /usr/include/c++/8/ostream:38:
In file included from /usr/include/c++/8/ios:42:
In file included from /usr/include/c++/8/bits/ios_base.h:39:
/usr/include/c++/8/ext/atomicity.h:38:1: error: unknown type name 'namespace'
namespace __gnu_cxx _GLIBCXX_VISIBILITY(default)
^
/usr/include/c++/8/ext/atomicity.h:38:49: error: expected ';' after top level declarator
namespace __gnu_cxx _GLIBCXX_VISIBILITY(default)
                                                ^
In file included from test_set/1a.cpp:1:
In file included from /usr/include/c++/8/iostream:39:
In file included from /usr/include/c++/8/ostream:38:
In file included from /usr/include/c++/8/ios:44:
In file included from /usr/include/c++/8/bits/basic_ios.h:37:
In file included from /usr/include/c++/8/bits/locale_facets.h:39:
In file included from /usr/include/c++/8/cwctype:50:
In file included from /usr/include/wctype.h:38:
/usr/include/x86_64-linux-gnu/bits/wctype-wchar.h:155:8: error: unknown type name 'wctype_t'
extern wctype_t wctype (const char *__property) __THROW;
       ^
/usr/include/x86_64-linux-gnu/bits/wctype-wchar.h:159:35: error: unknown type name 'wctype_t'
extern int iswctype (wint_t __wc, wctype_t __desc) __THROW;
                                  ^
In file included from test_set/1a.cpp:1:
In file included from /usr/include/c++/8/iostream:39:
In file included from /usr/include/c++/8/ostream:38:
In file included from /usr/include/c++/8/ios:44:
In file included from /usr/include/c++/8/bits/basic_ios.h:37:
In file included from /usr/include/c++/8/bits/locale_facets.h:39:
In file included from /usr/include/c++/8/cwctype:50:
/usr/include/wctype.h:117:8: error: unknown type name 'wctype_t'
extern wctype_t wctype_l (const char *__property, locale_t __locale)
       ^
/usr/include/wctype.h:122:37: error: unknown type name 'wctype_t'
extern int iswctype_l (wint_t __wc, wctype_t __desc, locale_t __locale)
                                    ^
In file included from test_set/1a.cpp:1:
In file included from /usr/include/c++/8/iostream:39:
In file included from /usr/include/c++/8/ostream:38:
In file included from /usr/include/c++/8/ios:44:
In file included from /usr/include/c++/8/bits/basic_ios.h:37:
In file included from /usr/include/c++/8/bits/locale_facets.h:39:
/usr/include/c++/8/cwctype:80:1: error: unknown type name 'namespace'
namespace std
^
/usr/include/c++/8/cwctype:80:14: error: expected ';' after top level declarator
namespace std
             ^
